<?xml version="1.0" encoding="UTF-8"?>
<!-- Generated by org.testng.reporters.JUnitXMLReporter -->
<testsuite ignored="0" hostname="DESKTOP-HGAT5O4" failures="0" tests="3" name="Test" time="8.609" errors="0" timestamp="2022-03-10T23:34:45 ICT">
  <testcase classname="practice.ErrorMessageTest" name="errMsg" time="2.898"/>
  <testcase classname="practice.ErrorMessageTest" name="resetPass" time="0.968"/>
  <testcase classname="practice.ErrorMessageTest" name="loginWithRightPass" time="0.635"/>
</testsuite> <!-- Test -->
