<?xml version="1.0" encoding="UTF-8"?>
<testng-results ignored="0" total="3" passed="3" failed="0" skipped="0">
  <reporter-output>
  </reporter-output>
  <suite started-at="2022-03-10T23:34:37 ICT" name="Suite" finished-at="2022-03-10T23:34:45 ICT" duration-ms="8609">
    <groups>
    </groups>
    <test started-at="2022-03-10T23:34:37 ICT" name="Test" finished-at="2022-03-10T23:34:45 ICT" duration-ms="8609">
      <class name="practice.ErrorMessageTest">
        <test-method is-config="true" signature="initial()[pri:0, instance:practice.ErrorMessageTest@7c711375]" started-at="2022-03-10T23:34:37 ICT" name="initial" finished-at="2022-03-10T23:34:41 ICT" duration-ms="4057" status="PASS">
          <reporter-output>
          </reporter-output>
        </test-method> <!-- initial -->
        <test-method signature="errMsg()[pri:1, instance:practice.ErrorMessageTest@7c711375]" started-at="2022-03-10T23:34:41 ICT" name="errMsg" finished-at="2022-03-10T23:34:44 ICT" duration-ms="2898" status="PASS">
          <reporter-output>
          </reporter-output>
        </test-method> <!-- errMsg -->
        <test-method signature="resetPass()[pri:2, instance:practice.ErrorMessageTest@7c711375]" started-at="2022-03-10T23:34:44 ICT" name="resetPass" finished-at="2022-03-10T23:34:45 ICT" duration-ms="968" status="PASS">
          <reporter-output>
          </reporter-output>
        </test-method> <!-- resetPass -->
        <test-method signature="loginWithRightPass()[pri:0, instance:practice.ErrorMessageTest@7c711375]" started-at="2022-03-10T23:34:45 ICT" name="loginWithRightPass" finished-at="2022-03-10T23:34:45 ICT" depends-on-methods="practice.ErrorMessageTest.resetPass" duration-ms="635" status="PASS">
          <reporter-output>
          </reporter-output>
        </test-method> <!-- loginWithRightPass -->
      </class> <!-- practice.ErrorMessageTest -->
    </test> <!-- Test -->
  </suite> <!-- Suite -->
</testng-results>
